<?xml version="1.0" encoding="UTF-8"?>
<!-- Generated by org.testng.reporters.JUnitXMLReporter -->
<testsuite hostname="LAP-061" name="Test In Google Chrome" tests="2" failures="0" timestamp="6 Dec 2017 11:25:01 GMT" time="0.109" errors="0">
  <testcase name="@BeforeClass setup" time="0.0" classname="iConnectX_Auto_Test.Test_Parallel">
    <failure type="java.lang.IllegalStateException" message="The driver executable does not exist: D:\chromedriver_win32_2.3\chromedriver.exe">
      <![CDATA[java.lang.IllegalStateException: The driver executable does not exist: D:\chromedriver_win32_2.3\chromedriver.exe
	at com.google.common.base.Preconditions.checkState(Preconditions.java:199)
	at org.openqa.selenium.remote.service.DriverService.checkExecutable(DriverService.java:121)
	at org.openqa.selenium.remote.service.DriverService.findExecutable(DriverService.java:116)
	at org.openqa.selenium.chrome.ChromeDriverService.access$0(ChromeDriverService.java:1)
	at org.openqa.selenium.chrome.ChromeDriverService$Builder.findDefaultExecutable(ChromeDriverService.java:137)
	at org.openqa.selenium.remote.service.DriverService$Builder.build(DriverService.java:296)
	at org.openqa.selenium.chrome.ChromeDriverService.createDefaultService(ChromeDriverService.java:88)
	at org.openqa.selenium.chrome.ChromeDriver.<init>(ChromeDriver.java:116)
	at iConnectX_Auto_Test.Test_Parallel.setup(Test_Parallel.java:31)
	at java.util.concurrent.FutureTask.run(Unknown Source)
	at java.util.concurrent.ThreadPoolExecutor.runWorker(Unknown Source)
	at java.util.concurrent.ThreadPoolExecutor$Worker.run(Unknown Source)
	at java.lang.Thread.run(Unknown Source)
... Removed 16 stack frames]]>
    </failure>
  </testcase> <!-- @BeforeClass setup -->
  <testcase name="@AfterClass closebrowser" time="0.0" classname="iConnectX_Auto_Test.Test_Parallel">
    <skipped/>
  </testcase> <!-- @AfterClass closebrowser -->
  <testcase name="verify_message" time="0.002" classname="iConnectX_Auto_Test.Test_Parallel">
    <skipped/>
  </testcase> <!-- verify_message -->
  <testcase name="verify_title" time="0.002" classname="iConnectX_Auto_Test.Test_Parallel">
    <skipped/>
  </testcase> <!-- verify_title -->
</testsuite> <!-- Test In Google Chrome -->
